braille/common/build/intermediates/manifest_merge_blame_file/phoneRelease/manifest-merger-blame-phone-release-report.txt
1<?xml version="1.0" encoding="utf-8"?>
2<manifest xmlns:android="http://schemas.android.com/apk/res/android"
3    package="com.google.android.accessibility.braille.common"
4    android:versionCode="1"
5    android:versionName="1.0" >
6
7    <uses-sdk
8        android:minSdkVersion="23"
8-->src/phone/AndroidManifest.xml:7:7-33
9        android:targetSdkVersion="31" />
9-->src/phone/AndroidManifest.xml:8:7-36
10
11</manifest>